# JRE version: Java(TM) SE Runtime Environment (8.0_101-b13) (build 1.8.0_101-b13)
# Java VM: Java HotSpot(TM) 64-Bit Server VM (25.101-b13 mixed mode windows-amd64 compressed oops)
Heap:
 PSYoungGen      total 278528K, used 205344K [0x00000000d5f00000, 0x00000000e8980000, 0x0000000100000000)
  eden space 260096K, 71% used [0x00000000d5f00000,0x00000000e159a5e0,0x00000000e5d00000)
  from space 18432K, 99% used [0x00000000e7780000,0x00000000e896dde0,0x00000000e8980000)
  to   space 20992K, 0% used [0x00000000e6080000,0x00000000e6080000,0x00000000e7500000)
 ParOldGen       total 103424K, used 27951K [0x0000000081c00000, 0x0000000088100000, 0x00000000d5f00000)
  object space 103424K, 27% used [0x0000000081c00000,0x000000008374bdf8,0x0000000088100000)
 Metaspace       used 56457K, capacity 58874K, committed 59008K, reserved 1099776K
  class space    used 7371K, capacity 7806K, committed 7808K, reserved 1048576K
GC Heap History (10 events):
Event: 9.982 GC heap before
{Heap before GC invocations=6 (full 1):
 PSYoungGen      total 118784K, used 118773K [0x00000000d5f00000, 0x00000000deb00000, 0x0000000100000000)
  eden space 113664K, 100% used [0x00000000d5f00000,0x00000000dce00000,0x00000000dce00000)
  from space 5120K, 99% used [0x00000000de600000,0x00000000deafd408,0x00000000deb00000)
  to   space 5120K, 0% used [0x00000000de100000,0x00000000de100000,0x00000000de600000)
 ParOldGen       total 57344K, used 10984K [0x0000000081c00000, 0x0000000085400000, 0x00000000d5f00000)
  object space 57344K, 19% used [0x0000000081c00000,0x00000000826ba240,0x0000000085400000)
 Metaspace       used 28859K, capacity 30096K, committed 30336K, reserved 1075200K
  class space    used 3883K, capacity 4134K, committed 4224K, reserved 1048576K
Event: 10.036 GC heap after
Heap after GC invocations=6 (full 1):
 PSYoungGen      total 138240K, used 5097K [0x00000000d5f00000, 0x00000000e3380000, 0x0000000100000000)
  eden space 133120K, 0% used [0x00000000d5f00000,0x00000000d5f00000,0x00000000de100000)
  from space 5120K, 99% used [0x00000000de100000,0x00000000de5fa4e0,0x00000000de600000)
  to   space 13824K, 0% used [0x00000000e2600000,0x00000000e2600000,0x00000000e3380000)
 ParOldGen       total 57344K, used 20678K [0x0000000081c00000, 0x0000000085400000, 0x00000000d5f00000)
  object space 57344K, 36% used [0x0000000081c00000,0x0000000083031ac8,0x0000000085400000)
 Metaspace       used 28859K, capacity 30096K, committed 30336K, reserved 1075200K
  class space    used 3883K, capacity 4134K, committed 4224K, reserved 1048576K
}
Event: 14.087 GC heap before
{Heap before GC invocations=7 (full 1):
 PSYoungGen      total 138240K, used 122317K [0x00000000d5f00000, 0x00000000e3380000, 0x0000000100000000)
  eden space 133120K, 88% used [0x00000000d5f00000,0x00000000dd1790f8,0x00000000de100000)
  from space 5120K, 99% used [0x00000000de100000,0x00000000de5fa4e0,0x00000000de600000)
  to   space 13824K, 0% used [0x00000000e2600000,0x00000000e2600000,0x00000000e3380000)
 ParOldGen       total 57344K, used 20678K [0x0000000081c00000, 0x0000000085400000, 0x00000000d5f00000)
  object space 57344K, 36% used [0x0000000081c00000,0x0000000083031ac8,0x0000000085400000)
 Metaspace       used 34100K, capacity 35378K, committed 35496K, reserved 1081344K
  class space    used 4430K, capacity 4709K, committed 4736K, reserved 1048576K
Event: 14.165 GC heap after
Heap after GC invocations=7 (full 1):
 PSYoungGen      total 202240K, used 12781K [0x00000000d5f00000, 0x00000000e5380000, 0x0000000100000000)
  eden space 188416K, 0% used [0x00000000d5f00000,0x00000000d5f00000,0x00000000e1700000)
  from space 13824K, 92% used [0x00000000e2600000,0x00000000e327b668,0x00000000e3380000)
  to   space 15360K, 0% used [0x00000000e1700000,0x00000000e1700000,0x00000000e2600000)
 ParOldGen       total 57344K, used 20686K [0x0000000081c00000, 0x0000000085400000, 0x00000000d5f00000)
  object space 57344K, 36% used [0x0000000081c00000,0x0000000083033ac8,0x0000000085400000)
 Metaspace       used 34100K, capacity 35378K, committed 35496K, reserved 1081344K
  class space    used 4430K, capacity 4709K, committed 4736K, reserved 1048576K
}
Event: 14.165 GC heap before
{Heap before GC invocations=8 (full 2):
 PSYoungGen      total 202240K, used 12781K [0x00000000d5f00000, 0x00000000e5380000, 0x0000000100000000)
  eden space 188416K, 0% used [0x00000000d5f00000,0x00000000d5f00000,0x00000000e1700000)
  from space 13824K, 92% used [0x00000000e2600000,0x00000000e327b668,0x00000000e3380000)
  to   space 15360K, 0% used [0x00000000e1700000,0x00000000e1700000,0x00000000e2600000)
 ParOldGen       total 57344K, used 20686K [0x0000000081c00000, 0x0000000085400000, 0x00000000d5f00000)
  object space 57344K, 36% used [0x0000000081c00000,0x0000000083033ac8,0x0000000085400000)
 Metaspace       used 34100K, capacity 35378K, committed 35496K, reserved 1081344K
  class space    used 4430K, capacity 4709K, committed 4736K, reserved 1048576K
Event: 14.592 GC heap after
Heap after GC invocations=8 (full 2):
 PSYoungGen      total 202240K, used 0K [0x00000000d5f00000, 0x00000000e5380000, 0x0000000100000000)
  eden space 188416K, 0% used [0x00000000d5f00000,0x00000000d5f00000,0x00000000e1700000)
  from space 13824K, 0% used [0x00000000e2600000,0x00000000e2600000,0x00000000e3380000)
  to   space 15360K, 0% used [0x00000000e1700000,0x00000000e1700000,0x00000000e2600000)
 ParOldGen       total 103424K, used 26421K [0x0000000081c00000, 0x0000000088100000, 0x00000000d5f00000)
  object space 103424K, 25% used [0x0000000081c00000,0x00000000835cd568,0x0000000088100000)
 Metaspace       used 34100K, capacity 35378K, committed 35496K, reserved 1081344K
  class space    used 4430K, capacity 4709K, committed 4736K, reserved 1048576K
}
Event: 21.846 GC heap before
{Heap before GC invocations=9 (full 2):
 PSYoungGen      total 202240K, used 188416K [0x00000000d5f00000, 0x00000000e5380000, 0x0000000100000000)
  eden space 188416K, 100% used [0x00000000d5f00000,0x00000000e1700000,0x00000000e1700000)
  from space 13824K, 0% used [0x00000000e2600000,0x00000000e2600000,0x00000000e3380000)
  to   space 15360K, 0% used [0x00000000e1700000,0x00000000e1700000,0x00000000e2600000)
 ParOldGen       total 103424K, used 26421K [0x0000000081c00000, 0x0000000088100000, 0x00000000d5f00000)
  object space 103424K, 25% used [0x0000000081c00000,0x00000000835cd568,0x0000000088100000)
 Metaspace       used 44940K, capacity 46706K, committed 46720K, reserved 1089536K
  class space    used 5936K, capacity 6267K, committed 6272K, reserved 1048576K
Event: 21.912 GC heap after
Heap after GC invocations=9 (full 2):
 PSYoungGen      total 203776K, used 15339K [0x00000000d5f00000, 0x00000000e8980000, 0x0000000100000000)
  eden space 188416K, 0% used [0x00000000d5f00000,0x00000000d5f00000,0x00000000e1700000)
  from space 15360K, 99% used [0x00000000e1700000,0x00000000e25fad78,0x00000000e2600000)
  to   space 18432K, 0% used [0x00000000e7780000,0x00000000e7780000,0x00000000e8980000)
 ParOldGen       total 103424K, used 27943K [0x0000000081c00000, 0x0000000088100000, 0x00000000d5f00000)
  object space 103424K, 27% used [0x0000000081c00000,0x0000000083749df8,0x0000000088100000)
 Metaspace       used 44940K, capacity 46706K, committed 46720K, reserved 1089536K
  class space    used 5936K, capacity 6267K, committed 6272K, reserved 1048576K
}
Event: 28.595 GC heap before
{Heap before GC invocations=10 (full 2):
 PSYoungGen      total 203776K, used 203755K [0x00000000d5f00000, 0x00000000e8980000, 0x0000000100000000)
  eden space 188416K, 100% used [0x00000000d5f00000,0x00000000e1700000,0x00000000e1700000)
  from space 15360K, 99% used [0x00000000e1700000,0x00000000e25fad78,0x00000000e2600000)
  to   space 18432K, 0% used [0x00000000e7780000,0x00000000e7780000,0x00000000e8980000)
 ParOldGen       total 103424K, used 27943K [0x0000000081c00000, 0x0000000088100000, 0x00000000d5f00000)
  object space 103424K, 27% used [0x0000000081c00000,0x0000000083749df8,0x0000000088100000)
 Metaspace       used 49217K, capacity 51266K, committed 51456K, reserved 1093632K
  class space    used 6446K, capacity 6827K, committed 6912K, reserved 1048576K
Event: 28.639 GC heap after
Heap after GC invocations=10 (full 2):
 PSYoungGen      total 278528K, used 18359K [0x00000000d5f00000, 0x00000000e8980000, 0x0000000100000000)
  eden space 260096K, 0% used [0x00000000d5f00000,0x00000000d5f00000,0x00000000e5d00000)
  from space 18432K, 99% used [0x00000000e7780000,0x00000000e896dde0,0x00000000e8980000)
  to   space 20992K, 0% used [0x00000000e6080000,0x00000000e6080000,0x00000000e7500000)
 ParOldGen       total 103424K, used 27951K [0x0000000081c00000, 0x0000000088100000, 0x00000000d5f00000)
  object space 103424K, 27% used [0x0000000081c00000,0x000000008374bdf8,0x0000000088100000)
 Metaspace       used 49217K, capacity 51266K, committed 51456K, reserved 1093632K
  class space    used 6446K, capacity 6827K, committed 6912K, reserved 1048576K
}

